<?xml version="1.0" encoding="UTF-8"?>
<!-- Generated by org.testng.reporters.JUnitReportReporter -->
<testsuite hostname="US1270607" name="testCases.Login" tests="1" failures="0" timestamp="18 Feb 2016 17:14:19 GMT" time="8.217" errors="1">
  <testcase name="Test1_GSSP_3749" time="8.217" classname="testCases.Login"/>
</testsuite> <!-- testCases.Login -->
