<?xml version="1.0" encoding="UTF-8"?>
<!-- Generated by org.testng.reporters.JUnitReportReporter -->
<testsuite hostname="US1270607" name="testCases.Sprint1.Itreation1.CreateUserProfileTurkey" tests="1" failures="0" timestamp="3 Feb 2016 19:50:22 GMT" time="21.787" errors="0">
  <testcase name="testUserRegistration" time="21.787" classname="testCases.Sprint1.Itreation1.CreateUserProfileTurkey"/>
</testsuite> <!-- testCases.Sprint1.Itreation1.CreateUserProfileTurkey -->
