<?xml version="1.0" encoding="UTF-8"?>
<!-- Generated by org.testng.reporters.JUnitReportReporter -->
<testsuite hostname="US1270607" name="testCases.CreateTC" tests="1" failures="0" timestamp="23 Feb 2016 01:33:16 GMT" time="150.257" errors="0">
  <testcase name="CreateCase" time="150.257" classname="testCases.CreateTC"/>
</testsuite> <!-- testCases.CreateTC -->
