<?xml version="1.0" encoding="UTF-8"?>
<!-- Generated by org.testng.reporters.JUnitReportReporter -->
<testsuite hostname="US1270607" name="testCases.ViewPortfolioSummary" tests="1" failures="0" timestamp="22 Feb 2016 15:19:49 GMT" time="0.000" errors="1">
  <testcase name="AccessDocuments_GSSP_3787" time="0.000" classname="testCases.ViewPortfolioSummary"/>
</testsuite> <!-- testCases.ViewPortfolioSummary -->
